[02-Aug-2019 08:36:33 Asia/Kolkata] 
New Enquiry | full_name: 'Ggggg', phone: '+919999999999', email: 'gghffgg@gmail.com', message: '', lead_type: 'Carmel Heights Website | New Enquiry', date_captured: '2019-08-02 08:36:33'


[02-Aug-2019 09:12:37 Asia/Kolkata] 
New Enquiry | full_name: 'Gopi chand', phone: '+919972477472', email: 'guttikondagopichand@gmail.com', message: '', lead_type: 'Carmel Heights Website | New Enquiry', date_captured: '2019-08-02 09:12:37'


[02-Aug-2019 09:24:12 Asia/Kolkata] 
New Enquiry | full_name: 'rakesh', phone: '+919909000000', email: 'rakeshp@gmail.com', message: '', lead_type: 'Carmel Heights Website | New Enquiry', date_captured: '2019-08-02 09:24:12'


[02-Aug-2019 10:53:58 Asia/Kolkata] 
New Enquiry | full_name: 'Rajashekar J', phone: '+919632118888', email: 'rajshekar.j@gmail.com', message: '', lead_type: 'Carmel Heights Website | New Enquiry', date_captured: '2019-08-02 10:53:58'


[02-Aug-2019 11:24:03 Asia/Kolkata] 
New Enquiry | full_name: '2', phone: '+919999999999', email: '2@a.com', message: '', lead_type: 'Carmel Heights Website | New Enquiry', date_captured: '2019-08-02 11:24:03'


[02-Aug-2019 12:20:35 Asia/Kolkata] 
New Enquiry | full_name: 'Tirumalesh', phone: '+919963973744', email: 'tiru1012@gmail.com', message: '', lead_type: 'Carmel Heights Website | New Enquiry', date_captured: '2019-08-02 12:20:35'


[02-Aug-2019 12:49:06 Asia/Kolkata] 
New Enquiry | full_name: 'jenya', phone: '+919008922990', email: 'jenyakrishna1987@gmail.com', message: '', lead_type: 'Carmel Heights Website | New Enquiry', date_captured: '2019-08-02 12:49:06'


[02-Aug-2019 13:52:40 Asia/Kolkata] 
New Enquiry | full_name: 'Pratap Ballalasamudra ramdas', phone: '+912145584308', email: 'pratap.br@gmail.com', message: '', lead_type: 'Carmel Heights Website | New Enquiry', date_captured: '2019-08-02 13:52:40'


[02-Aug-2019 14:16:43 Asia/Kolkata] 
New Enquiry | full_name: 'Gghsbbz', phone: '+919884664123', email: 'bbsba@ghhs.com', message: '', lead_type: 'Carmel Heights Website | New Enquiry', date_captured: '2019-08-02 14:16:43'


[02-Aug-2019 14:16:47 Asia/Kolkata] 
New Enquiry | full_name: 'Deepak', phone: '+919902636967', email: 'deepumy92@gmail.com', message: '', lead_type: 'Carmel Heights Website | New Enquiry', date_captured: '2019-08-02 14:16:47'


[02-Aug-2019 17:06:50 Asia/Kolkata] 
New Enquiry | full_name: 'Sukumar D', phone: '+919845298583', email: 'sushant.sds@gmail.com', message: '', lead_type: 'Carmel Heights Website | New Enquiry', date_captured: '2019-08-02 17:06:50'


[02-Aug-2019 19:05:39 Asia/Kolkata] 
New Enquiry | full_name: 'sujit', phone: '+911234567890', email: 'sujit_kr@hotmail.com', message: '', lead_type: 'Carmel Heights Website | New Enquiry', date_captured: '2019-08-02 19:05:39'


[02-Aug-2019 21:14:00 Asia/Kolkata] 
New Enquiry | full_name: 'Athena Sebastian', phone: '+919741001008', email: 'athena27s@gmail.com', message: '', lead_type: 'Carmel Heights Website | New Enquiry', date_captured: '2019-08-02 21:14:00'


